<?xml version="1.0" encoding="UTF-8"?>
<!-- Generated by org.testng.reporters.JUnitReportReporter -->
<testsuite hostname="DESKTOP-QBPT91Q" failures="0" tests="6" name="Taqtics_.Taqtics_login" time="70.559" errors="0" timestamp="2024-12-03T17:54:01 IST" skipped="0">
  <testcase classname="Taqtics_.Taqtics_login" name="testSuccessfulLogin" time="10.855"/>
  <system-out/>
  <testcase classname="Taqtics_.Taqtics_login" name="testInvalidcredentials" time="11.758"/>
  <system-out/>
  <testcase classname="Taqtics_.Taqtics_login" name="testInvalidPassword" time="10.981"/>
  <system-out/>
  <testcase classname="Taqtics_.Taqtics_login" name="testInvalidEmail" time="10.290"/>
  <system-out/>
  <testcase classname="Taqtics_.Taqtics_login" name="testEmptyE" time="14.747"/>
  <system-out/>
  <testcase classname="Taqtics_.Taqtics_login" name="testEmptyP" time="11.928"/>
  <system-out/>
</testsuite> <!-- Taqtics_.Taqtics_login -->
